2021-09-12 02:42:38.216  INFO 14164 --- [main] com.lut.BiShe10Application               : Starting BiShe10Application using Java 1.8.0_211 on Sprinkle with PID 14164 (D:\All_workspace\SpringBootProjects\bishe-1-0\target\classes started by Sprinkle in D:\All_workspace\SpringBootProjects\bishe-1-0)
2021-09-12 02:42:38.224  INFO 14164 --- [main] com.lut.BiShe10Application               : No active profile set, falling back to default profiles: default
2021-09-12 02:42:39.720  INFO 14164 --- [main] .s.d.r.c.RepositoryConfigurationDelegate : Multiple Spring Data modules found, entering strict repository configuration mode!
2021-09-12 02:42:39.723  INFO 14164 --- [main] .s.d.r.c.RepositoryConfigurationDelegate : Bootstrapping Spring Data Redis repositories in DEFAULT mode.
2021-09-12 02:42:39.814  INFO 14164 --- [main] .s.d.r.c.RepositoryConfigurationDelegate : Finished Spring Data repository scanning in 74 ms. Found 0 Redis repository interfaces.
2021-09-12 02:42:40.151  INFO 14164 --- [main] trationDelegate$BeanPostProcessorChecker : Bean 'threadConfig' of type [com.lut.config.ThreadConfig$$EnhancerBySpringCGLIB$$117ffa64] is not eligible for getting processed by all BeanPostProcessors (for example: not eligible for auto-proxying)
2021-09-12 02:42:40.497  INFO 14164 --- [main] o.s.b.w.embedded.tomcat.TomcatWebServer  : Tomcat initialized with port(s): 8333 (http)
2021-09-12 02:42:40.507  INFO 14164 --- [main] o.apache.catalina.core.StandardService   : Starting service [Tomcat]
2021-09-12 02:42:40.508  INFO 14164 --- [main] org.apache.catalina.core.StandardEngine  : Starting Servlet engine: [Apache Tomcat/9.0.44]
2021-09-12 02:42:40.655  INFO 14164 --- [main] o.a.c.c.C.[Tomcat].[localhost].[/]       : Initializing Spring embedded WebApplicationContext
2021-09-12 02:42:40.655  INFO 14164 --- [main] w.s.c.ServletWebServerApplicationContext : Root WebApplicationContext: initialization completed in 2354 ms
2021-09-12 02:42:41.846  INFO 14164 --- [main] o.s.s.concurrent.ThreadPoolTaskExecutor  : Initializing ExecutorService 'applicationTaskExecutor'
2021-09-12 02:42:41.916  INFO 14164 --- [main] o.s.b.a.w.s.WelcomePageHandlerMapping    : Adding welcome page: class path resource [static/index.html]
2021-09-12 02:42:42.472  INFO 14164 --- [main] o.s.b.w.embedded.tomcat.TomcatWebServer  : Tomcat started on port(s): 8333 (http) with context path ''
2021-09-12 02:42:42.649  INFO 14164 --- [main] com.lut.BiShe10Application               : Started BiShe10Application in 5.082 seconds (JVM running for 7.454)
2021-09-12 02:43:20.542  INFO 14164 --- [http-nio-8333-exec-2] o.a.c.c.C.[Tomcat].[localhost].[/]       : Initializing Spring DispatcherServlet 'dispatcherServlet'
2021-09-12 02:43:20.543  INFO 14164 --- [http-nio-8333-exec-2] o.s.web.servlet.DispatcherServlet        : Initializing Servlet 'dispatcherServlet'
2021-09-12 02:43:20.547  INFO 14164 --- [http-nio-8333-exec-2] o.s.web.servlet.DispatcherServlet        : Completed initialization in 4 ms
2021-09-12 02:43:20.589  WARN 14164 --- [http-nio-8333-exec-2] .w.s.m.s.DefaultHandlerExceptionResolver : Resolved [org.springframework.web.bind.MissingServletRequestParameterException: Required int parameter 'pageNum' is not present]
2021-09-12 02:44:43.599  WARN 14164 --- [http-nio-8333-exec-1] .w.s.m.s.DefaultHandlerExceptionResolver : Resolved [org.springframework.web.bind.MissingServletRequestParameterException: Required String parameter 'username' is not present]
2021-09-12 02:48:49.633  WARN 14164 --- [http-nio-8333-exec-3] .w.s.m.s.DefaultHandlerExceptionResolver : Resolved [org.springframework.web.bind.MissingServletRequestParameterException: Required int parameter 'pageNum' is not present]
2021-09-12 02:55:27.875  WARN 14164 --- [http-nio-8333-exec-4] .w.s.m.s.DefaultHandlerExceptionResolver : Resolved [org.springframework.web.bind.MissingServletRequestParameterException: Required int parameter 'pageNum' is not present]
2021-09-12 02:56:51.558  WARN 14164 --- [http-nio-8333-exec-5] .w.s.m.s.DefaultHandlerExceptionResolver : Resolved [org.springframework.web.bind.MissingServletRequestParameterException: Required int parameter 'pageNum' is not present]
2021-09-12 02:59:02.649  WARN 14164 --- [http-nio-8333-exec-6] .w.s.m.s.DefaultHandlerExceptionResolver : Resolved [org.springframework.web.bind.MissingServletRequestParameterException: Required int parameter 'pageNum' is not present]
2021-09-12 02:59:19.710  WARN 14164 --- [http-nio-8333-exec-7] .w.s.m.s.DefaultHandlerExceptionResolver : Resolved [org.springframework.web.bind.MissingServletRequestParameterException: Required int parameter 'pageNum' is not present]
2021-09-12 02:59:38.940  WARN 14164 --- [http-nio-8333-exec-8] .w.s.m.s.DefaultHandlerExceptionResolver : Resolved [org.springframework.web.bind.MissingServletRequestParameterException: Required int parameter 'pageNum' is not present]
2021-09-12 02:59:56.209  WARN 14164 --- [http-nio-8333-exec-9] .w.s.m.s.DefaultHandlerExceptionResolver : Resolved [org.springframework.web.bind.MissingServletRequestParameterException: Required int parameter 'pageNum' is not present]
2021-09-12 03:01:04.618  WARN 14164 --- [http-nio-8333-exec-10] .w.s.m.s.DefaultHandlerExceptionResolver : Resolved [org.springframework.web.bind.MissingServletRequestParameterException: Required int parameter 'pageNum' is not present]
2021-09-12 03:01:04.894  WARN 14164 --- [http-nio-8333-exec-2] .w.s.m.s.DefaultHandlerExceptionResolver : Resolved [org.springframework.web.bind.MissingServletRequestParameterException: Required String parameter 'username' is not present]
2021-09-12 03:01:22.943  WARN 14164 --- [http-nio-8333-exec-1] .w.s.m.s.DefaultHandlerExceptionResolver : Resolved [org.springframework.web.bind.MissingServletRequestParameterException: Required int parameter 'pageNum' is not present]
2021-09-12 03:01:57.506  WARN 14164 --- [http-nio-8333-exec-3] .w.s.m.s.DefaultHandlerExceptionResolver : Resolved [org.springframework.web.bind.MissingServletRequestParameterException: Required int parameter 'pageNum' is not present]
2021-09-12 03:02:20.434  WARN 14164 --- [http-nio-8333-exec-4] .w.s.m.s.DefaultHandlerExceptionResolver : Resolved [org.springframework.web.bind.MissingServletRequestParameterException: Required int parameter 'pageNum' is not present]
2021-09-12 03:03:49.004  WARN 14164 --- [http-nio-8333-exec-5] .w.s.m.s.DefaultHandlerExceptionResolver : Resolved [org.springframework.web.bind.MissingServletRequestParameterException: Required Integer parameter 'pageNum' is not present]
2021-09-12 03:04:13.364  WARN 14164 --- [http-nio-8333-exec-6] .w.s.m.s.DefaultHandlerExceptionResolver : Resolved [org.springframework.web.bind.MissingServletRequestParameterException: Required Integer parameter 'pageNum' is not present]
2021-09-12 03:05:01.181  INFO 14164 --- [http-nio-8333-exec-7] com.alibaba.druid.pool.DruidDataSource   : {dataSource-1} inited
2021-09-12 03:07:01.850  INFO 14164 --- [SpringContextShutdownHook] o.s.s.concurrent.ThreadPoolTaskExecutor  : Shutting down ExecutorService 'applicationTaskExecutor'
2021-09-12 03:07:01.854  INFO 14164 --- [SpringContextShutdownHook] com.alibaba.druid.pool.DruidDataSource   : {dataSource-1} closing ...
2021-09-12 03:07:01.857  INFO 14164 --- [SpringContextShutdownHook] com.alibaba.druid.pool.DruidDataSource   : {dataSource-1} closed
2021-09-12 03:07:14.214  INFO 19552 --- [main] com.lut.BiShe10Application               : Starting BiShe10Application using Java 1.8.0_211 on Sprinkle with PID 19552 (D:\All_workspace\SpringBootProjects\bishe-1-0\target\classes started by Sprinkle in D:\All_workspace\SpringBootProjects\bishe-1-0)
2021-09-12 03:07:14.218  INFO 19552 --- [main] com.lut.BiShe10Application               : No active profile set, falling back to default profiles: default
2021-09-12 03:07:15.488  INFO 19552 --- [main] .s.d.r.c.RepositoryConfigurationDelegate : Multiple Spring Data modules found, entering strict repository configuration mode!
2021-09-12 03:07:15.491  INFO 19552 --- [main] .s.d.r.c.RepositoryConfigurationDelegate : Bootstrapping Spring Data Redis repositories in DEFAULT mode.
2021-09-12 03:07:15.552  INFO 19552 --- [main] .s.d.r.c.RepositoryConfigurationDelegate : Finished Spring Data repository scanning in 45 ms. Found 0 Redis repository interfaces.
2021-09-12 03:07:15.789  INFO 19552 --- [main] trationDelegate$BeanPostProcessorChecker : Bean 'threadConfig' of type [com.lut.config.ThreadConfig$$EnhancerBySpringCGLIB$$e87a6449] is not eligible for getting processed by all BeanPostProcessors (for example: not eligible for auto-proxying)
2021-09-12 03:07:16.120  INFO 19552 --- [main] o.s.b.w.embedded.tomcat.TomcatWebServer  : Tomcat initialized with port(s): 8333 (http)
2021-09-12 03:07:16.130  INFO 19552 --- [main] o.apache.catalina.core.StandardService   : Starting service [Tomcat]
2021-09-12 03:07:16.131  INFO 19552 --- [main] org.apache.catalina.core.StandardEngine  : Starting Servlet engine: [Apache Tomcat/9.0.44]
2021-09-12 03:07:16.295  INFO 19552 --- [main] o.a.c.c.C.[Tomcat].[localhost].[/]       : Initializing Spring embedded WebApplicationContext
2021-09-12 03:07:16.296  INFO 19552 --- [main] w.s.c.ServletWebServerApplicationContext : Root WebApplicationContext: initialization completed in 2014 ms
2021-09-12 03:07:17.310  INFO 19552 --- [main] o.s.s.concurrent.ThreadPoolTaskExecutor  : Initializing ExecutorService 'applicationTaskExecutor'
2021-09-12 03:07:17.364  INFO 19552 --- [main] o.s.b.a.w.s.WelcomePageHandlerMapping    : Adding welcome page: class path resource [static/index.html]
2021-09-12 03:07:17.816  INFO 19552 --- [main] o.s.b.w.embedded.tomcat.TomcatWebServer  : Tomcat started on port(s): 8333 (http) with context path ''
2021-09-12 03:07:17.963  INFO 19552 --- [main] com.lut.BiShe10Application               : Started BiShe10Application in 4.264 seconds (JVM running for 6.647)
2021-09-12 03:07:47.197  INFO 19552 --- [http-nio-8333-exec-1] o.a.c.c.C.[Tomcat].[localhost].[/]       : Initializing Spring DispatcherServlet 'dispatcherServlet'
2021-09-12 03:07:47.197  INFO 19552 --- [http-nio-8333-exec-1] o.s.web.servlet.DispatcherServlet        : Initializing Servlet 'dispatcherServlet'
2021-09-12 03:07:47.199  INFO 19552 --- [http-nio-8333-exec-1] o.s.web.servlet.DispatcherServlet        : Completed initialization in 2 ms
2021-09-12 03:07:47.232  WARN 19552 --- [http-nio-8333-exec-1] .w.s.m.s.DefaultHandlerExceptionResolver : Resolved [org.springframework.web.bind.MissingServletRequestParameterException: Required int parameter 'pageNum' is not present]
2021-09-12 03:08:09.495  INFO 19552 --- [http-nio-8333-exec-3] com.alibaba.druid.pool.DruidDataSource   : {dataSource-1} inited
2021-09-12 03:08:17.476  WARN 19552 --- [http-nio-8333-exec-6] .w.s.m.s.DefaultHandlerExceptionResolver : Resolved [org.springframework.web.bind.MissingServletRequestParameterException: Required Integer parameter 'pageNum' is not present]
2021-09-12 03:08:18.208  WARN 19552 --- [http-nio-8333-exec-5] .w.s.m.s.DefaultHandlerExceptionResolver : Resolved [org.springframework.web.bind.MissingServletRequestParameterException: Required Integer parameter 'pageNum' is not present]
2021-09-12 03:08:18.633  WARN 19552 --- [http-nio-8333-exec-9] .w.s.m.s.DefaultHandlerExceptionResolver : Resolved [org.springframework.web.bind.MissingServletRequestParameterException: Required Integer parameter 'pageNum' is not present]
2021-09-12 03:08:18.783  WARN 19552 --- [http-nio-8333-exec-3] .w.s.m.s.DefaultHandlerExceptionResolver : Resolved [org.springframework.web.bind.MissingServletRequestParameterException: Required Integer parameter 'pageNum' is not present]
2021-09-12 03:08:18.940  WARN 19552 --- [http-nio-8333-exec-4] .w.s.m.s.DefaultHandlerExceptionResolver : Resolved [org.springframework.web.bind.MissingServletRequestParameterException: Required Integer parameter 'pageNum' is not present]
2021-09-12 03:08:19.091  WARN 19552 --- [http-nio-8333-exec-6] .w.s.m.s.DefaultHandlerExceptionResolver : Resolved [org.springframework.web.bind.MissingServletRequestParameterException: Required Integer parameter 'pageNum' is not present]
2021-09-12 03:08:51.010  WARN 19552 --- [http-nio-8333-exec-5] .w.s.m.s.DefaultHandlerExceptionResolver : Resolved [org.springframework.http.converter.HttpMessageNotReadableException: Required request body is missing: public java.lang.String com.lut.controller.HelloController.hello(com.lut.entity.EmployeeEntity,org.springframework.validation.BindingResult)]
2021-09-12 03:08:53.302  WARN 19552 --- [http-nio-8333-exec-10] .w.s.m.s.DefaultHandlerExceptionResolver : Resolved [org.springframework.http.converter.HttpMessageNotReadableException: Required request body is missing: public java.lang.String com.lut.controller.HelloController.hello(com.lut.entity.EmployeeEntity,org.springframework.validation.BindingResult)]
2021-09-12 03:08:53.770  WARN 19552 --- [http-nio-8333-exec-1] .w.s.m.s.DefaultHandlerExceptionResolver : Resolved [org.springframework.http.converter.HttpMessageNotReadableException: Required request body is missing: public java.lang.String com.lut.controller.HelloController.hello(com.lut.entity.EmployeeEntity,org.springframework.validation.BindingResult)]
2021-09-12 03:12:49.580  INFO 19552 --- [SpringContextShutdownHook] o.s.s.concurrent.ThreadPoolTaskExecutor  : Shutting down ExecutorService 'applicationTaskExecutor'
2021-09-12 03:12:49.584  INFO 19552 --- [SpringContextShutdownHook] com.alibaba.druid.pool.DruidDataSource   : {dataSource-1} closing ...
2021-09-12 03:12:49.589  INFO 19552 --- [SpringContextShutdownHook] com.alibaba.druid.pool.DruidDataSource   : {dataSource-1} closed
2021-09-12 03:13:02.987  INFO 18964 --- [main] com.lut.BiShe10Application               : Starting BiShe10Application using Java 1.8.0_211 on Sprinkle with PID 18964 (D:\All_workspace\SpringBootProjects\bishe-1-0\target\classes started by Sprinkle in D:\All_workspace\SpringBootProjects\bishe-1-0)
2021-09-12 03:13:02.991  INFO 18964 --- [main] com.lut.BiShe10Application               : No active profile set, falling back to default profiles: default
2021-09-12 03:13:04.298  INFO 18964 --- [main] .s.d.r.c.RepositoryConfigurationDelegate : Multiple Spring Data modules found, entering strict repository configuration mode!
2021-09-12 03:13:04.301  INFO 18964 --- [main] .s.d.r.c.RepositoryConfigurationDelegate : Bootstrapping Spring Data Redis repositories in DEFAULT mode.
2021-09-12 03:13:04.361  INFO 18964 --- [main] .s.d.r.c.RepositoryConfigurationDelegate : Finished Spring Data repository scanning in 45 ms. Found 0 Redis repository interfaces.
2021-09-12 03:13:04.604  INFO 18964 --- [main] trationDelegate$BeanPostProcessorChecker : Bean 'threadConfig' of type [com.lut.config.ThreadConfig$$EnhancerBySpringCGLIB$$e87a6449] is not eligible for getting processed by all BeanPostProcessors (for example: not eligible for auto-proxying)
2021-09-12 03:13:04.939  INFO 18964 --- [main] o.s.b.w.embedded.tomcat.TomcatWebServer  : Tomcat initialized with port(s): 8333 (http)
2021-09-12 03:13:04.950  INFO 18964 --- [main] o.apache.catalina.core.StandardService   : Starting service [Tomcat]
2021-09-12 03:13:04.951  INFO 18964 --- [main] org.apache.catalina.core.StandardEngine  : Starting Servlet engine: [Apache Tomcat/9.0.44]
2021-09-12 03:13:05.104  INFO 18964 --- [main] o.a.c.c.C.[Tomcat].[localhost].[/]       : Initializing Spring embedded WebApplicationContext
2021-09-12 03:13:05.104  INFO 18964 --- [main] w.s.c.ServletWebServerApplicationContext : Root WebApplicationContext: initialization completed in 2024 ms
2021-09-12 03:13:06.172  INFO 18964 --- [main] o.s.s.concurrent.ThreadPoolTaskExecutor  : Initializing ExecutorService 'applicationTaskExecutor'
2021-09-12 03:13:06.225  INFO 18964 --- [main] o.s.b.a.w.s.WelcomePageHandlerMapping    : Adding welcome page: class path resource [static/index.html]
2021-09-12 03:13:06.692  INFO 18964 --- [main] o.s.b.w.embedded.tomcat.TomcatWebServer  : Tomcat started on port(s): 8333 (http) with context path ''
2021-09-12 03:13:06.848  INFO 18964 --- [main] com.lut.BiShe10Application               : Started BiShe10Application in 4.386 seconds (JVM running for 6.676)
2021-09-12 03:13:13.989  INFO 18964 --- [http-nio-8333-exec-1] o.a.c.c.C.[Tomcat].[localhost].[/]       : Initializing Spring DispatcherServlet 'dispatcherServlet'
2021-09-12 03:13:13.989  INFO 18964 --- [http-nio-8333-exec-1] o.s.web.servlet.DispatcherServlet        : Initializing Servlet 'dispatcherServlet'
2021-09-12 03:13:13.991  INFO 18964 --- [http-nio-8333-exec-1] o.s.web.servlet.DispatcherServlet        : Completed initialization in 1 ms
2021-09-12 03:13:14.029  WARN 18964 --- [http-nio-8333-exec-1] .w.s.m.s.DefaultHandlerExceptionResolver : Resolved [org.springframework.http.converter.HttpMessageNotReadableException: Required request body is missing: public java.lang.String com.lut.controller.HelloController.hello(com.lut.entity.EmployeeEntity,org.springframework.validation.BindingResult)]
2021-09-12 03:13:16.091  WARN 18964 --- [http-nio-8333-exec-2] .w.s.m.s.DefaultHandlerExceptionResolver : Resolved [org.springframework.http.converter.HttpMessageNotReadableException: Required request body is missing: public java.lang.String com.lut.controller.HelloController.hello(com.lut.entity.EmployeeEntity,org.springframework.validation.BindingResult)]
2021-09-12 03:13:16.697  WARN 18964 --- [http-nio-8333-exec-4] .w.s.m.s.DefaultHandlerExceptionResolver : Resolved [org.springframework.http.converter.HttpMessageNotReadableException: Required request body is missing: public java.lang.String com.lut.controller.HelloController.hello(com.lut.entity.EmployeeEntity,org.springframework.validation.BindingResult)]
2021-09-12 03:13:17.039  WARN 18964 --- [http-nio-8333-exec-6] .w.s.m.s.DefaultHandlerExceptionResolver : Resolved [org.springframework.http.converter.HttpMessageNotReadableException: Required request body is missing: public java.lang.String com.lut.controller.HelloController.hello(com.lut.entity.EmployeeEntity,org.springframework.validation.BindingResult)]
2021-09-12 03:13:17.422  WARN 18964 --- [http-nio-8333-exec-9] .w.s.m.s.DefaultHandlerExceptionResolver : Resolved [org.springframework.http.converter.HttpMessageNotReadableException: Required request body is missing: public java.lang.String com.lut.controller.HelloController.hello(com.lut.entity.EmployeeEntity,org.springframework.validation.BindingResult)]
2021-09-12 03:13:17.672  WARN 18964 --- [http-nio-8333-exec-8] .w.s.m.s.DefaultHandlerExceptionResolver : Resolved [org.springframework.http.converter.HttpMessageNotReadableException: Required request body is missing: public java.lang.String com.lut.controller.HelloController.hello(com.lut.entity.EmployeeEntity,org.springframework.validation.BindingResult)]
2021-09-12 03:13:18.073  WARN 18964 --- [http-nio-8333-exec-1] .w.s.m.s.DefaultHandlerExceptionResolver : Resolved [org.springframework.http.converter.HttpMessageNotReadableException: Required request body is missing: public java.lang.String com.lut.controller.HelloController.hello(com.lut.entity.EmployeeEntity,org.springframework.validation.BindingResult)]
2021-09-12 03:13:18.503  WARN 18964 --- [http-nio-8333-exec-3] .w.s.m.s.DefaultHandlerExceptionResolver : Resolved [org.springframework.http.converter.HttpMessageNotReadableException: Required request body is missing: public java.lang.String com.lut.controller.HelloController.hello(com.lut.entity.EmployeeEntity,org.springframework.validation.BindingResult)]
2021-09-12 03:13:18.868  WARN 18964 --- [http-nio-8333-exec-5] .w.s.m.s.DefaultHandlerExceptionResolver : Resolved [org.springframework.http.converter.HttpMessageNotReadableException: Required request body is missing: public java.lang.String com.lut.controller.HelloController.hello(com.lut.entity.EmployeeEntity,org.springframework.validation.BindingResult)]
2021-09-12 03:13:19.203  WARN 18964 --- [http-nio-8333-exec-7] .w.s.m.s.DefaultHandlerExceptionResolver : Resolved [org.springframework.http.converter.HttpMessageNotReadableException: Required request body is missing: public java.lang.String com.lut.controller.HelloController.hello(com.lut.entity.EmployeeEntity,org.springframework.validation.BindingResult)]
2021-09-12 03:13:19.507  WARN 18964 --- [http-nio-8333-exec-8] .w.s.m.s.DefaultHandlerExceptionResolver : Resolved [org.springframework.http.converter.HttpMessageNotReadableException: Required request body is missing: public java.lang.String com.lut.controller.HelloController.hello(com.lut.entity.EmployeeEntity,org.springframework.validation.BindingResult)]
2021-09-12 03:13:19.916  WARN 18964 --- [http-nio-8333-exec-1] .w.s.m.s.DefaultHandlerExceptionResolver : Resolved [org.springframework.http.converter.HttpMessageNotReadableException: Required request body is missing: public java.lang.String com.lut.controller.HelloController.hello(com.lut.entity.EmployeeEntity,org.springframework.validation.BindingResult)]
2021-09-12 03:13:33.773  WARN 18964 --- [http-nio-8333-exec-3] .w.s.m.s.DefaultHandlerExceptionResolver : Resolved [org.springframework.http.converter.HttpMessageNotReadableException: Required request body is missing: public java.lang.String com.lut.controller.HelloController.hello(com.lut.entity.EmployeeEntity,org.springframework.validation.BindingResult)]
2021-09-12 03:15:52.820  INFO 18964 --- [SpringContextShutdownHook] o.s.s.concurrent.ThreadPoolTaskExecutor  : Shutting down ExecutorService 'applicationTaskExecutor'
2021-09-12 03:15:52.823  INFO 18964 --- [SpringContextShutdownHook] com.alibaba.druid.pool.DruidDataSource   : {dataSource-0} closing ...
2021-09-12 03:22:54.613  INFO 4800 --- [main] com.lut.BiShe10Application               : Starting BiShe10Application using Java 1.8.0_211 on Sprinkle with PID 4800 (D:\All_workspace\SpringBootProjects\bishe-1-0\target\classes started by Sprinkle in D:\All_workspace\SpringBootProjects\bishe-1-0)
2021-09-12 03:22:54.616  INFO 4800 --- [main] com.lut.BiShe10Application               : No active profile set, falling back to default profiles: default
2021-09-12 03:22:55.879  INFO 4800 --- [main] .s.d.r.c.RepositoryConfigurationDelegate : Multiple Spring Data modules found, entering strict repository configuration mode!
2021-09-12 03:22:55.881  INFO 4800 --- [main] .s.d.r.c.RepositoryConfigurationDelegate : Bootstrapping Spring Data Redis repositories in DEFAULT mode.
2021-09-12 03:22:55.941  INFO 4800 --- [main] .s.d.r.c.RepositoryConfigurationDelegate : Finished Spring Data repository scanning in 45 ms. Found 0 Redis repository interfaces.
2021-09-12 03:22:56.188  INFO 4800 --- [main] trationDelegate$BeanPostProcessorChecker : Bean 'threadConfig' of type [com.lut.config.ThreadConfig$$EnhancerBySpringCGLIB$$e87a6449] is not eligible for getting processed by all BeanPostProcessors (for example: not eligible for auto-proxying)
2021-09-12 03:22:56.546  INFO 4800 --- [main] o.s.b.w.embedded.tomcat.TomcatWebServer  : Tomcat initialized with port(s): 8333 (http)
2021-09-12 03:22:56.559  INFO 4800 --- [main] o.apache.catalina.core.StandardService   : Starting service [Tomcat]
2021-09-12 03:22:56.560  INFO 4800 --- [main] org.apache.catalina.core.StandardEngine  : Starting Servlet engine: [Apache Tomcat/9.0.44]
2021-09-12 03:22:56.711  INFO 4800 --- [main] o.a.c.c.C.[Tomcat].[localhost].[/]       : Initializing Spring embedded WebApplicationContext
2021-09-12 03:22:56.711  INFO 4800 --- [main] w.s.c.ServletWebServerApplicationContext : Root WebApplicationContext: initialization completed in 2041 ms
2021-09-12 03:22:57.904  INFO 4800 --- [main] o.s.s.concurrent.ThreadPoolTaskExecutor  : Initializing ExecutorService 'applicationTaskExecutor'
2021-09-12 03:22:57.959  INFO 4800 --- [main] o.s.b.a.w.s.WelcomePageHandlerMapping    : Adding welcome page: class path resource [static/index.html]
2021-09-12 03:22:58.471  INFO 4800 --- [main] o.s.b.w.embedded.tomcat.TomcatWebServer  : Tomcat started on port(s): 8333 (http) with context path ''
2021-09-12 03:22:58.656  INFO 4800 --- [main] com.lut.BiShe10Application               : Started BiShe10Application in 4.664 seconds (JVM running for 7.001)
2021-09-12 03:23:10.959  INFO 4800 --- [http-nio-8333-exec-1] o.a.c.c.C.[Tomcat].[localhost].[/]       : Initializing Spring DispatcherServlet 'dispatcherServlet'
2021-09-12 03:23:10.960  INFO 4800 --- [http-nio-8333-exec-1] o.s.web.servlet.DispatcherServlet        : Initializing Servlet 'dispatcherServlet'
2021-09-12 03:23:10.962  INFO 4800 --- [http-nio-8333-exec-1] o.s.web.servlet.DispatcherServlet        : Completed initialization in 2 ms
2021-09-12 03:23:10.995  WARN 4800 --- [http-nio-8333-exec-1] .w.s.m.s.DefaultHandlerExceptionResolver : Resolved [org.springframework.http.converter.HttpMessageNotReadableException: Required request body is missing: public java.lang.String com.lut.controller.HelloController.hello(com.lut.entity.EmployeeEntity,org.springframework.validation.BindingResult)]
2021-09-12 03:23:11.977  WARN 4800 --- [http-nio-8333-exec-3] .w.s.m.s.DefaultHandlerExceptionResolver : Resolved [org.springframework.http.converter.HttpMessageNotReadableException: Required request body is missing: public java.lang.String com.lut.controller.HelloController.hello(com.lut.entity.EmployeeEntity,org.springframework.validation.BindingResult)]
2021-09-12 03:23:12.120  WARN 4800 --- [http-nio-8333-exec-5] .w.s.m.s.DefaultHandlerExceptionResolver : Resolved [org.springframework.http.converter.HttpMessageNotReadableException: Required request body is missing: public java.lang.String com.lut.controller.HelloController.hello(com.lut.entity.EmployeeEntity,org.springframework.validation.BindingResult)]
2021-09-12 03:23:15.965  INFO 4800 --- [http-nio-8333-exec-8] com.alibaba.druid.pool.DruidDataSource   : {dataSource-1} inited
2021-09-12 03:24:47.304  INFO 4800 --- [SpringContextShutdownHook] o.s.s.concurrent.ThreadPoolTaskExecutor  : Shutting down ExecutorService 'applicationTaskExecutor'
2021-09-12 03:24:47.307  INFO 4800 --- [SpringContextShutdownHook] com.alibaba.druid.pool.DruidDataSource   : {dataSource-1} closing ...
2021-09-12 03:24:47.311  INFO 4800 --- [SpringContextShutdownHook] com.alibaba.druid.pool.DruidDataSource   : {dataSource-1} closed
2021-09-12 03:25:06.262  INFO 19540 --- [main] com.lut.BiShe10Application               : Starting BiShe10Application using Java 1.8.0_211 on Sprinkle with PID 19540 (D:\All_workspace\SpringBootProjects\bishe-1-0\target\classes started by Sprinkle in D:\All_workspace\SpringBootProjects\bishe-1-0)
2021-09-12 03:25:06.265  INFO 19540 --- [main] com.lut.BiShe10Application               : No active profile set, falling back to default profiles: default
2021-09-12 03:25:07.408  INFO 19540 --- [main] .s.d.r.c.RepositoryConfigurationDelegate : Multiple Spring Data modules found, entering strict repository configuration mode!
2021-09-12 03:25:07.411  INFO 19540 --- [main] .s.d.r.c.RepositoryConfigurationDelegate : Bootstrapping Spring Data Redis repositories in DEFAULT mode.
2021-09-12 03:25:07.475  INFO 19540 --- [main] .s.d.r.c.RepositoryConfigurationDelegate : Finished Spring Data repository scanning in 47 ms. Found 0 Redis repository interfaces.
2021-09-12 03:25:07.727  INFO 19540 --- [main] trationDelegate$BeanPostProcessorChecker : Bean 'threadConfig' of type [com.lut.config.ThreadConfig$$EnhancerBySpringCGLIB$$e87a6449] is not eligible for getting processed by all BeanPostProcessors (for example: not eligible for auto-proxying)
2021-09-12 03:25:08.042  INFO 19540 --- [main] o.s.b.w.embedded.tomcat.TomcatWebServer  : Tomcat initialized with port(s): 8333 (http)
2021-09-12 03:25:08.051  INFO 19540 --- [main] o.apache.catalina.core.StandardService   : Starting service [Tomcat]
2021-09-12 03:25:08.051  INFO 19540 --- [main] org.apache.catalina.core.StandardEngine  : Starting Servlet engine: [Apache Tomcat/9.0.44]
2021-09-12 03:25:08.195  INFO 19540 --- [main] o.a.c.c.C.[Tomcat].[localhost].[/]       : Initializing Spring embedded WebApplicationContext
2021-09-12 03:25:08.196  INFO 19540 --- [main] w.s.c.ServletWebServerApplicationContext : Root WebApplicationContext: initialization completed in 1880 ms
2021-09-12 03:25:09.170  INFO 19540 --- [main] o.s.s.concurrent.ThreadPoolTaskExecutor  : Initializing ExecutorService 'applicationTaskExecutor'
2021-09-12 03:25:09.651  INFO 19540 --- [main] o.s.b.w.embedded.tomcat.TomcatWebServer  : Tomcat started on port(s): 8333 (http) with context path ''
2021-09-12 03:25:09.797  INFO 19540 --- [main] com.lut.BiShe10Application               : Started BiShe10Application in 4.035 seconds (JVM running for 6.64)
2021-09-12 03:25:14.655  INFO 19540 --- [http-nio-8333-exec-1] o.a.c.c.C.[Tomcat].[localhost].[/]       : Initializing Spring DispatcherServlet 'dispatcherServlet'
2021-09-12 03:25:14.656  INFO 19540 --- [http-nio-8333-exec-1] o.s.web.servlet.DispatcherServlet        : Initializing Servlet 'dispatcherServlet'
2021-09-12 03:25:14.658  INFO 19540 --- [http-nio-8333-exec-1] o.s.web.servlet.DispatcherServlet        : Completed initialization in 2 ms
2021-09-12 03:25:20.745  WARN 19540 --- [http-nio-8333-exec-3] .w.s.m.s.DefaultHandlerExceptionResolver : Resolved [org.springframework.http.converter.HttpMessageNotReadableException: Required request body is missing: public java.lang.String com.lut.controller.HelloController.hello(com.lut.entity.EmployeeEntity,org.springframework.validation.BindingResult)]
2021-09-12 03:25:22.172  WARN 19540 --- [http-nio-8333-exec-4] .w.s.m.s.DefaultHandlerExceptionResolver : Resolved [org.springframework.http.converter.HttpMessageNotReadableException: Required request body is missing: public java.lang.String com.lut.controller.HelloController.hello(com.lut.entity.EmployeeEntity,org.springframework.validation.BindingResult)]
2021-09-12 03:25:22.329  WARN 19540 --- [http-nio-8333-exec-5] .w.s.m.s.DefaultHandlerExceptionResolver : Resolved [org.springframework.http.converter.HttpMessageNotReadableException: Required request body is missing: public java.lang.String com.lut.controller.HelloController.hello(com.lut.entity.EmployeeEntity,org.springframework.validation.BindingResult)]
2021-09-12 03:25:22.504  WARN 19540 --- [http-nio-8333-exec-7] .w.s.m.s.DefaultHandlerExceptionResolver : Resolved [org.springframework.http.converter.HttpMessageNotReadableException: Required request body is missing: public java.lang.String com.lut.controller.HelloController.hello(com.lut.entity.EmployeeEntity,org.springframework.validation.BindingResult)]
2021-09-12 03:25:22.672  WARN 19540 --- [http-nio-8333-exec-6] .w.s.m.s.DefaultHandlerExceptionResolver : Resolved [org.springframework.http.converter.HttpMessageNotReadableException: Required request body is missing: public java.lang.String com.lut.controller.HelloController.hello(com.lut.entity.EmployeeEntity,org.springframework.validation.BindingResult)]
2021-09-12 03:25:23.141  WARN 19540 --- [http-nio-8333-exec-8] .w.s.m.s.DefaultHandlerExceptionResolver : Resolved [org.springframework.http.converter.HttpMessageNotReadableException: Required request body is missing: public java.lang.String com.lut.controller.HelloController.hello(com.lut.entity.EmployeeEntity,org.springframework.validation.BindingResult)]
2021-09-12 03:25:23.419  WARN 19540 --- [http-nio-8333-exec-9] .w.s.m.s.DefaultHandlerExceptionResolver : Resolved [org.springframework.http.converter.HttpMessageNotReadableException: Required request body is missing: public java.lang.String com.lut.controller.HelloController.hello(com.lut.entity.EmployeeEntity,org.springframework.validation.BindingResult)]
2021-09-12 03:25:23.702  WARN 19540 --- [http-nio-8333-exec-10] .w.s.m.s.DefaultHandlerExceptionResolver : Resolved [org.springframework.http.converter.HttpMessageNotReadableException: Required request body is missing: public java.lang.String com.lut.controller.HelloController.hello(com.lut.entity.EmployeeEntity,org.springframework.validation.BindingResult)]
2021-09-12 03:26:00.524  WARN 19540 --- [http-nio-8333-exec-1] .w.s.m.s.DefaultHandlerExceptionResolver : Resolved [org.springframework.http.converter.HttpMessageNotReadableException: Required request body is missing: public java.lang.String com.lut.controller.HelloController.hello(com.lut.entity.EmployeeEntity,org.springframework.validation.BindingResult)]
2021-09-12 03:28:27.907  WARN 19540 --- [http-nio-8333-exec-3] .w.s.m.s.DefaultHandlerExceptionResolver : Resolved [org.springframework.web.bind.MissingServletRequestParameterException: Required Integer parameter 'pageNum' is not present]
2021-09-12 03:28:30.565  WARN 19540 --- [http-nio-8333-exec-4] .w.s.m.s.DefaultHandlerExceptionResolver : Resolved [org.springframework.web.bind.MissingServletRequestParameterException: Required Integer parameter 'pageNum' is not present]
2021-09-12 03:28:30.731  WARN 19540 --- [http-nio-8333-exec-5] .w.s.m.s.DefaultHandlerExceptionResolver : Resolved [org.springframework.web.bind.MissingServletRequestParameterException: Required Integer parameter 'pageNum' is not present]
2021-09-12 03:28:31.034  WARN 19540 --- [http-nio-8333-exec-7] .w.s.m.s.DefaultHandlerExceptionResolver : Resolved [org.springframework.web.bind.MissingServletRequestParameterException: Required Integer parameter 'pageNum' is not present]
2021-09-12 03:28:31.252  WARN 19540 --- [http-nio-8333-exec-6] .w.s.m.s.DefaultHandlerExceptionResolver : Resolved [org.springframework.web.bind.MissingServletRequestParameterException: Required Integer parameter 'pageNum' is not present]
2021-09-12 03:28:57.585  INFO 19540 --- [SpringContextShutdownHook] o.s.s.concurrent.ThreadPoolTaskExecutor  : Shutting down ExecutorService 'applicationTaskExecutor'
2021-09-12 03:28:57.589  INFO 19540 --- [SpringContextShutdownHook] com.alibaba.druid.pool.DruidDataSource   : {dataSource-0} closing ...
2021-09-12 03:30:41.379  INFO 376 --- [main] com.lut.BiShe10Application               : Starting BiShe10Application using Java 1.8.0_211 on Sprinkle with PID 376 (D:\All_workspace\SpringBootProjects\bishe-1-0\target\classes started by Sprinkle in D:\All_workspace\SpringBootProjects\bishe-1-0)
2021-09-12 03:30:41.382  INFO 376 --- [main] com.lut.BiShe10Application               : No active profile set, falling back to default profiles: default
2021-09-12 03:30:42.595  INFO 376 --- [main] .s.d.r.c.RepositoryConfigurationDelegate : Multiple Spring Data modules found, entering strict repository configuration mode!
2021-09-12 03:30:42.599  INFO 376 --- [main] .s.d.r.c.RepositoryConfigurationDelegate : Bootstrapping Spring Data Redis repositories in DEFAULT mode.
2021-09-12 03:30:42.665  INFO 376 --- [main] .s.d.r.c.RepositoryConfigurationDelegate : Finished Spring Data repository scanning in 48 ms. Found 0 Redis repository interfaces.
2021-09-12 03:30:42.916  INFO 376 --- [main] trationDelegate$BeanPostProcessorChecker : Bean 'threadConfig' of type [com.lut.config.ThreadConfig$$EnhancerBySpringCGLIB$$e87a6449] is not eligible for getting processed by all BeanPostProcessors (for example: not eligible for auto-proxying)
2021-09-12 03:30:43.233  INFO 376 --- [main] o.s.b.w.embedded.tomcat.TomcatWebServer  : Tomcat initialized with port(s): 8333 (http)
2021-09-12 03:30:43.242  INFO 376 --- [main] o.apache.catalina.core.StandardService   : Starting service [Tomcat]
2021-09-12 03:30:43.242  INFO 376 --- [main] org.apache.catalina.core.StandardEngine  : Starting Servlet engine: [Apache Tomcat/9.0.44]
2021-09-12 03:30:43.388  INFO 376 --- [main] o.a.c.c.C.[Tomcat].[localhost].[/]       : Initializing Spring embedded WebApplicationContext
2021-09-12 03:30:43.389  INFO 376 --- [main] w.s.c.ServletWebServerApplicationContext : Root WebApplicationContext: initialization completed in 1953 ms
2021-09-12 03:30:44.454  INFO 376 --- [main] o.s.s.concurrent.ThreadPoolTaskExecutor  : Initializing ExecutorService 'applicationTaskExecutor'
2021-09-12 03:30:45.044  INFO 376 --- [main] o.s.b.w.embedded.tomcat.TomcatWebServer  : Tomcat started on port(s): 8333 (http) with context path ''
2021-09-12 03:30:45.202  INFO 376 --- [main] com.lut.BiShe10Application               : Started BiShe10Application in 4.341 seconds (JVM running for 6.369)
2021-09-12 03:30:47.255  INFO 376 --- [http-nio-8333-exec-1] o.a.c.c.C.[Tomcat].[localhost].[/]       : Initializing Spring DispatcherServlet 'dispatcherServlet'
2021-09-12 03:30:47.256  INFO 376 --- [http-nio-8333-exec-1] o.s.web.servlet.DispatcherServlet        : Initializing Servlet 'dispatcherServlet'
2021-09-12 03:30:47.259  INFO 376 --- [http-nio-8333-exec-1] o.s.web.servlet.DispatcherServlet        : Completed initialization in 3 ms
2021-09-12 03:31:31.305  INFO 376 --- [SpringContextShutdownHook] o.s.s.concurrent.ThreadPoolTaskExecutor  : Shutting down ExecutorService 'applicationTaskExecutor'
2021-09-12 03:31:31.308  INFO 376 --- [SpringContextShutdownHook] com.alibaba.druid.pool.DruidDataSource   : {dataSource-0} closing ...
2021-09-12 03:34:43.953  INFO 11292 --- [main] com.lut.BiShe10Application               : Starting BiShe10Application using Java 1.8.0_211 on Sprinkle with PID 11292 (D:\All_workspace\SpringBootProjects\bishe-1-0\target\classes started by Sprinkle in D:\All_workspace\SpringBootProjects\bishe-1-0)
2021-09-12 03:34:43.956  INFO 11292 --- [main] com.lut.BiShe10Application               : No active profile set, falling back to default profiles: default
2021-09-12 03:34:45.368  INFO 11292 --- [main] .s.d.r.c.RepositoryConfigurationDelegate : Multiple Spring Data modules found, entering strict repository configuration mode!
2021-09-12 03:34:45.372  INFO 11292 --- [main] .s.d.r.c.RepositoryConfigurationDelegate : Bootstrapping Spring Data Redis repositories in DEFAULT mode.
2021-09-12 03:34:45.448  INFO 11292 --- [main] .s.d.r.c.RepositoryConfigurationDelegate : Finished Spring Data repository scanning in 51 ms. Found 0 Redis repository interfaces.
2021-09-12 03:34:45.776  INFO 11292 --- [main] trationDelegate$BeanPostProcessorChecker : Bean 'threadConfig' of type [com.lut.config.ThreadConfig$$EnhancerBySpringCGLIB$$e87a6449] is not eligible for getting processed by all BeanPostProcessors (for example: not eligible for auto-proxying)
2021-09-12 03:34:46.208  INFO 11292 --- [main] o.s.b.w.embedded.tomcat.TomcatWebServer  : Tomcat initialized with port(s): 8333 (http)
2021-09-12 03:34:46.220  INFO 11292 --- [main] o.apache.catalina.core.StandardService   : Starting service [Tomcat]
2021-09-12 03:34:46.220  INFO 11292 --- [main] org.apache.catalina.core.StandardEngine  : Starting Servlet engine: [Apache Tomcat/9.0.44]
2021-09-12 03:34:46.398  INFO 11292 --- [main] o.a.c.c.C.[Tomcat].[localhost].[/]       : Initializing Spring embedded WebApplicationContext
2021-09-12 03:34:46.398  INFO 11292 --- [main] w.s.c.ServletWebServerApplicationContext : Root WebApplicationContext: initialization completed in 2384 ms
2021-09-12 03:34:47.378  INFO 11292 --- [main] o.s.s.concurrent.ThreadPoolTaskExecutor  : Initializing ExecutorService 'applicationTaskExecutor'
2021-09-12 03:34:47.872  INFO 11292 --- [main] o.s.b.w.embedded.tomcat.TomcatWebServer  : Tomcat started on port(s): 8333 (http) with context path ''
2021-09-12 03:34:48.020  INFO 11292 --- [main] com.lut.BiShe10Application               : Started BiShe10Application in 4.622 seconds (JVM running for 7.41)
2021-09-12 03:34:55.891  INFO 11292 --- [http-nio-8333-exec-1] o.a.c.c.C.[Tomcat].[localhost].[/]       : Initializing Spring DispatcherServlet 'dispatcherServlet'
2021-09-12 03:34:55.892  INFO 11292 --- [http-nio-8333-exec-1] o.s.web.servlet.DispatcherServlet        : Initializing Servlet 'dispatcherServlet'
2021-09-12 03:34:55.895  INFO 11292 --- [http-nio-8333-exec-1] o.s.web.servlet.DispatcherServlet        : Completed initialization in 2 ms
2021-09-12 03:35:00.575  WARN 11292 --- [http-nio-8333-exec-3] .w.s.m.s.DefaultHandlerExceptionResolver : Resolved [org.springframework.web.bind.MissingServletRequestParameterException: Required int parameter 'pageSize' is not present]
2021-09-12 03:35:23.337  WARN 11292 --- [http-nio-8333-exec-4] .w.s.m.s.DefaultHandlerExceptionResolver : Resolved [org.springframework.web.bind.MissingServletRequestParameterException: Required int parameter 'pageSize' is not present]
2021-09-12 03:36:06.160  WARN 11292 --- [http-nio-8333-exec-5] .w.s.m.s.DefaultHandlerExceptionResolver : Resolved [org.springframework.web.bind.MissingServletRequestParameterException: Required int parameter 'pageSize' is not present]
2021-09-12 03:37:49.758  WARN 11292 --- [http-nio-8333-exec-6] .w.s.m.s.DefaultHandlerExceptionResolver : Resolved [org.springframework.web.bind.MissingServletRequestParameterException: Required int parameter 'pageNum' is not present]
2021-09-12 03:38:14.800  WARN 11292 --- [http-nio-8333-exec-7] .w.s.m.s.DefaultHandlerExceptionResolver : Resolved [org.springframework.web.bind.MissingServletRequestParameterException: Required int parameter 'pageNum' is not present]
2021-09-12 03:38:48.377  INFO 11292 --- [http-nio-8333-exec-8] com.alibaba.druid.pool.DruidDataSource   : {dataSource-1} inited
2021-09-12 03:39:00.939  WARN 11292 --- [http-nio-8333-exec-9] .w.s.m.s.DefaultHandlerExceptionResolver : Resolved [org.springframework.web.bind.MissingServletRequestParameterException: Required int parameter 'pageNum' is not present]
2021-09-12 03:39:06.831  WARN 11292 --- [http-nio-8333-exec-10] .w.s.m.s.DefaultHandlerExceptionResolver : Resolved [org.springframework.web.bind.MissingServletRequestParameterException: Required int parameter 'pageNum' is not present]
2021-09-12 03:39:27.001  WARN 11292 --- [http-nio-8333-exec-1] .w.s.m.s.DefaultHandlerExceptionResolver : Resolved [org.springframework.web.bind.MissingServletRequestParameterException: Required int parameter 'pageNum' is not present]
2021-09-12 03:43:26.477  WARN 11292 --- [http-nio-8333-exec-4] .w.s.m.s.DefaultHandlerExceptionResolver : Resolved [org.springframework.web.bind.MissingServletRequestParameterException: Required int parameter 'pageNum' is not present]
2021-09-12 03:43:38.966  WARN 11292 --- [http-nio-8333-exec-5] c.a.druid.pool.DruidAbstractDataSource   : discard long time none received connection. , jdbcUrl : jdbc:mysql://localhost:3306/tax?serverTimezone=Asia/Shanghai, version : 1.2.5, lastPacketReceivedIdleMillis : 289195
2021-09-12 03:47:55.018  WARN 11292 --- [http-nio-8333-exec-7] .w.s.m.s.DefaultHandlerExceptionResolver : Resolved [org.springframework.web.bind.MissingServletRequestParameterException: Required int parameter 'pageNum' is not present]
2021-09-12 03:48:03.016  WARN 11292 --- [http-nio-8333-exec-8] .w.s.m.s.DefaultHandlerExceptionResolver : Resolved [org.springframework.web.bind.MissingServletRequestParameterException: Required int parameter 'pageNum' is not present]
2021-09-12 03:48:14.933  WARN 11292 --- [http-nio-8333-exec-9] .w.s.m.s.DefaultHandlerExceptionResolver : Resolved [org.springframework.web.bind.MissingServletRequestParameterException: Required int parameter 'pageNum' is not present]
2021-09-12 03:48:22.448  WARN 11292 --- [http-nio-8333-exec-10] .w.s.m.s.DefaultHandlerExceptionResolver : Resolved [org.springframework.web.bind.MissingServletRequestParameterException: Required int parameter 'pageNum' is not present]
2021-09-12 03:48:30.517  WARN 11292 --- [http-nio-8333-exec-1] c.a.druid.pool.DruidAbstractDataSource   : discard long time none received connection. , jdbcUrl : jdbc:mysql://localhost:3306/tax?serverTimezone=Asia/Shanghai, version : 1.2.5, lastPacketReceivedIdleMillis : 291525
2021-09-12 03:50:11.909  INFO 11292 --- [SpringContextShutdownHook] o.s.s.concurrent.ThreadPoolTaskExecutor  : Shutting down ExecutorService 'applicationTaskExecutor'
2021-09-12 03:50:11.913  INFO 11292 --- [SpringContextShutdownHook] com.alibaba.druid.pool.DruidDataSource   : {dataSource-1} closing ...
2021-09-12 03:50:11.916  INFO 11292 --- [SpringContextShutdownHook] com.alibaba.druid.pool.DruidDataSource   : {dataSource-1} closed
2021-09-12 22:02:09.911  INFO 6672 --- [main] com.lut.BiShe10Application               : Starting BiShe10Application using Java 1.8.0_211 on Sprinkle with PID 6672 (D:\All_workspace\SpringBootProjects\bishe-1-0\target\classes started by Sprinkle in D:\All_workspace\SpringBootProjects\bishe-1-0)
2021-09-12 22:02:09.917  INFO 6672 --- [main] com.lut.BiShe10Application               : No active profile set, falling back to default profiles: default
2021-09-12 22:02:12.042  INFO 6672 --- [main] .s.d.r.c.RepositoryConfigurationDelegate : Multiple Spring Data modules found, entering strict repository configuration mode!
2021-09-12 22:02:12.045  INFO 6672 --- [main] .s.d.r.c.RepositoryConfigurationDelegate : Bootstrapping Spring Data Redis repositories in DEFAULT mode.
2021-09-12 22:02:12.120  INFO 6672 --- [main] .s.d.r.c.RepositoryConfigurationDelegate : Finished Spring Data repository scanning in 55 ms. Found 0 Redis repository interfaces.
2021-09-12 22:02:12.508  INFO 6672 --- [main] trationDelegate$BeanPostProcessorChecker : Bean 'threadConfig' of type [com.lut.config.ThreadConfig$$EnhancerBySpringCGLIB$$e87a6449] is not eligible for getting processed by all BeanPostProcessors (for example: not eligible for auto-proxying)
2021-09-12 22:02:13.073  INFO 6672 --- [main] o.s.b.w.embedded.tomcat.TomcatWebServer  : Tomcat initialized with port(s): 8333 (http)
2021-09-12 22:02:13.339  INFO 6672 --- [main] w.s.c.ServletWebServerApplicationContext : Root WebApplicationContext: initialization completed in 3279 ms
2021-09-12 22:02:15.026  INFO 6672 --- [main] o.s.s.concurrent.ThreadPoolTaskExecutor  : Initializing ExecutorService 'applicationTaskExecutor'
2021-09-12 22:02:15.919  INFO 6672 --- [main] o.s.b.w.embedded.tomcat.TomcatWebServer  : Tomcat started on port(s): 8333 (http) with context path ''
2021-09-12 22:02:16.236  INFO 6672 --- [main] com.lut.BiShe10Application               : Started BiShe10Application in 7.284 seconds (JVM running for 10.474)
2021-09-12 22:02:17.730  INFO 6672 --- [SpringContextShutdownHook] o.s.s.concurrent.ThreadPoolTaskExecutor  : Shutting down ExecutorService 'applicationTaskExecutor'
2021-09-12 22:02:17.735  INFO 6672 --- [SpringContextShutdownHook] com.alibaba.druid.pool.DruidDataSource   : {dataSource-0} closing ...
2021-09-12 22:02:37.111  INFO 21348 --- [main] com.lut.BiShe10Application               : Starting BiShe10Application using Java 1.8.0_211 on Sprinkle with PID 21348 (D:\All_workspace\SpringBootProjects\bishe-1-0\target\classes started by Sprinkle in D:\All_workspace\SpringBootProjects\bishe-1-0)
2021-09-12 22:02:37.126  INFO 21348 --- [main] com.lut.BiShe10Application               : No active profile set, falling back to default profiles: default
2021-09-12 22:02:40.519  INFO 21348 --- [main] .s.d.r.c.RepositoryConfigurationDelegate : Multiple Spring Data modules found, entering strict repository configuration mode!
2021-09-12 22:02:40.531  INFO 21348 --- [main] .s.d.r.c.RepositoryConfigurationDelegate : Bootstrapping Spring Data Redis repositories in DEFAULT mode.
2021-09-12 22:02:40.693  INFO 21348 --- [main] .s.d.r.c.RepositoryConfigurationDelegate : Finished Spring Data repository scanning in 70 ms. Found 0 Redis repository interfaces.
2021-09-12 22:02:41.416  INFO 21348 --- [main] trationDelegate$BeanPostProcessorChecker : Bean 'threadConfig' of type [com.lut.config.ThreadConfig$$EnhancerBySpringCGLIB$$1] is not eligible for getting processed by all BeanPostProcessors (for example: not eligible for auto-proxying)
2021-09-12 22:02:42.859  INFO 21348 --- [main] o.s.b.w.embedded.tomcat.TomcatWebServer  : Tomcat initialized with port(s): 8333 (http)
2021-09-12 22:02:42.885  INFO 21348 --- [main] o.apache.catalina.core.StandardService   : Starting service [Tomcat]
2021-09-12 22:02:42.886  INFO 21348 --- [main] org.apache.catalina.core.StandardEngine  : Starting Servlet engine: [Apache Tomcat/9.0.44]
2021-09-12 22:02:43.219  INFO 21348 --- [main] o.a.c.c.C.[Tomcat].[localhost].[/]       : Initializing Spring embedded WebApplicationContext
2021-09-12 22:02:43.220  INFO 21348 --- [main] w.s.c.ServletWebServerApplicationContext : Root WebApplicationContext: initialization completed in 5952 ms
2021-09-12 22:02:46.647  INFO 21348 --- [main] o.s.s.concurrent.ThreadPoolTaskExecutor  : Initializing ExecutorService 'applicationTaskExecutor'
2021-09-12 22:02:48.874  INFO 21348 --- [main] o.s.b.w.embedded.tomcat.TomcatWebServer  : Tomcat started on port(s): 8333 (http) with context path ''
2021-09-12 22:02:49.396  INFO 21348 --- [main] com.lut.BiShe10Application               : Started BiShe10Application in 13.633 seconds (JVM running for 34.441)
2021-09-12 22:02:51.028  INFO 21348 --- [http-nio-8333-exec-1] o.a.c.c.C.[Tomcat].[localhost].[/]       : Initializing Spring DispatcherServlet 'dispatcherServlet'
2021-09-12 22:02:51.029  INFO 21348 --- [http-nio-8333-exec-1] o.s.web.servlet.DispatcherServlet        : Initializing Servlet 'dispatcherServlet'
2021-09-12 22:02:51.033  INFO 21348 --- [http-nio-8333-exec-1] o.s.web.servlet.DispatcherServlet        : Completed initialization in 3 ms
2021-09-12 22:03:18.517  INFO 21348 --- [http-nio-8333-exec-3] com.alibaba.druid.pool.DruidDataSource   : {dataSource-1} inited
2021-09-12 22:07:45.290  WARN 21348 --- [http-nio-8333-exec-8] .w.s.m.s.DefaultHandlerExceptionResolver : Resolved [org.springframework.web.HttpMediaTypeNotSupportedException: Content type '*/*;charset=UTF-8' not supported]
2021-09-12 22:12:05.857  WARN 21348 --- [http-nio-8333-exec-7] .w.s.m.s.DefaultHandlerExceptionResolver : Resolved [org.springframework.web.HttpMediaTypeNotSupportedException: Content type '*/*;charset=UTF-8' not supported]
2021-09-12 22:12:45.691  WARN 21348 --- [http-nio-8333-exec-2] c.a.druid.pool.DruidAbstractDataSource   : discard long time none received connection. , jdbcUrl : jdbc:mysql://localhost:3306/tax?serverTimezone=Asia/Shanghai, version : 1.2.5, lastPacketReceivedIdleMillis : 558445
2021-09-12 22:16:03.851  WARN 21348 --- [http-nio-8333-exec-6] c.a.druid.pool.DruidAbstractDataSource   : discard long time none received connection. , jdbcUrl : jdbc:mysql://localhost:3306/tax?serverTimezone=Asia/Shanghai, version : 1.2.5, lastPacketReceivedIdleMillis : 197887
2021-09-12 22:23:06.797  INFO 21348 --- [http-nio-8333-exec-4] .s.d.r.c.RepositoryConfigurationDelegate : Bootstrapping Spring Data Redis repositories in DEFAULT mode.
2021-09-12 22:23:06.840  INFO 21348 --- [http-nio-8333-exec-4] .s.d.r.c.RepositoryConfigurationDelegate : Finished Spring Data repository scanning in 42 ms. Found 0 Redis repository interfaces.
2021-09-12 22:23:06.855  WARN 21348 --- [http-nio-8333-exec-4] o.m.s.mapper.ClassPathMapperScanner      : No MyBatis mapper was found in '[com/lut/mapper]' package. Please check your configuration.
2021-09-12 22:23:07.036  WARN 21348 --- [http-nio-8333-exec-4] c.a.druid.pool.DruidAbstractDataSource   : discard long time none received connection. , jdbcUrl : jdbc:mysql://localhost:3306/tax?serverTimezone=Asia/Shanghai, version : 1.2.5, lastPacketReceivedIdleMillis : 422897
2021-09-12 22:24:57.484  INFO 21348 --- [http-nio-8333-exec-7] .s.d.r.c.RepositoryConfigurationDelegate : Bootstrapping Spring Data Redis repositories in DEFAULT mode.
2021-09-12 22:24:57.535  INFO 21348 --- [http-nio-8333-exec-7] .s.d.r.c.RepositoryConfigurationDelegate : Finished Spring Data repository scanning in 50 ms. Found 0 Redis repository interfaces.
2021-09-12 22:24:57.553  WARN 21348 --- [http-nio-8333-exec-7] o.m.s.mapper.ClassPathMapperScanner      : No MyBatis mapper was found in '[com/lut/mapper]' package. Please check your configuration.
2021-09-12 22:24:57.667  WARN 21348 --- [http-nio-8333-exec-7] c.a.druid.pool.DruidAbstractDataSource   : discard long time none received connection. , jdbcUrl : jdbc:mysql://localhost:3306/tax?serverTimezone=Asia/Shanghai, version : 1.2.5, lastPacketReceivedIdleMillis : 110267
2021-09-12 22:25:48.118  INFO 21348 --- [SpringContextShutdownHook] o.s.s.concurrent.ThreadPoolTaskExecutor  : Shutting down ExecutorService 'applicationTaskExecutor'
2021-09-12 22:25:48.129  INFO 21348 --- [SpringContextShutdownHook] com.alibaba.druid.pool.DruidDataSource   : {dataSource-1} closing ...
2021-09-12 22:25:48.159  INFO 21348 --- [SpringContextShutdownHook] com.alibaba.druid.pool.DruidDataSource   : {dataSource-1} closed
2021-09-12 22:26:17.815  INFO 17596 --- [main] com.lut.BiShe10Application               : Starting BiShe10Application using Java 1.8.0_211 on Sprinkle with PID 17596 (D:\All_workspace\SpringBootProjects\bishe-1-0\target\classes started by Sprinkle in D:\All_workspace\SpringBootProjects\bishe-1-0)
2021-09-12 22:26:17.819  INFO 17596 --- [main] com.lut.BiShe10Application               : No active profile set, falling back to default profiles: default
2021-09-12 22:26:19.340  INFO 17596 --- [main] .s.d.r.c.RepositoryConfigurationDelegate : Multiple Spring Data modules found, entering strict repository configuration mode!
2021-09-12 22:26:19.344  INFO 17596 --- [main] .s.d.r.c.RepositoryConfigurationDelegate : Bootstrapping Spring Data Redis repositories in DEFAULT mode.
2021-09-12 22:26:19.419  INFO 17596 --- [main] .s.d.r.c.RepositoryConfigurationDelegate : Finished Spring Data repository scanning in 54 ms. Found 0 Redis repository interfaces.
2021-09-12 22:26:19.786  INFO 17596 --- [main] trationDelegate$BeanPostProcessorChecker : Bean 'threadConfig' of type [com.lut.config.ThreadConfig$$EnhancerBySpringCGLIB$$dc303bf1] is not eligible for getting processed by all BeanPostProcessors (for example: not eligible for auto-proxying)
2021-09-12 22:26:20.214  INFO 17596 --- [main] o.s.b.w.embedded.tomcat.TomcatWebServer  : Tomcat initialized with port(s): 8333 (http)
2021-09-12 22:26:20.234  INFO 17596 --- [main] o.apache.catalina.core.StandardService   : Starting service [Tomcat]
2021-09-12 22:26:20.235  INFO 17596 --- [main] org.apache.catalina.core.StandardEngine  : Starting Servlet engine: [Apache Tomcat/9.0.44]
2021-09-12 22:26:20.415  INFO 17596 --- [main] o.a.c.c.C.[Tomcat].[localhost].[/]       : Initializing Spring embedded WebApplicationContext
2021-09-12 22:26:20.415  INFO 17596 --- [main] w.s.c.ServletWebServerApplicationContext : Root WebApplicationContext: initialization completed in 2528 ms
2021-09-12 22:26:21.539  INFO 17596 --- [main] o.s.s.concurrent.ThreadPoolTaskExecutor  : Initializing ExecutorService 'applicationTaskExecutor'
2021-09-12 22:26:22.163  INFO 17596 --- [main] o.s.b.w.embedded.tomcat.TomcatWebServer  : Tomcat started on port(s): 8333 (http) with context path ''
2021-09-12 22:26:22.355  INFO 17596 --- [main] com.lut.BiShe10Application               : Started BiShe10Application in 5.614 seconds (JVM running for 10.744)
2021-09-12 22:26:42.400  INFO 17596 --- [http-nio-8333-exec-2] o.a.c.c.C.[Tomcat].[localhost].[/]       : Initializing Spring DispatcherServlet 'dispatcherServlet'
2021-09-12 22:26:42.401  INFO 17596 --- [http-nio-8333-exec-2] o.s.web.servlet.DispatcherServlet        : Initializing Servlet 'dispatcherServlet'
2021-09-12 22:26:42.405  INFO 17596 --- [http-nio-8333-exec-2] o.s.web.servlet.DispatcherServlet        : Completed initialization in 3 ms
2021-09-12 22:26:42.624  WARN 17596 --- [http-nio-8333-exec-2] .w.s.m.s.DefaultHandlerExceptionResolver : Resolved [org.springframework.web.bind.MethodArgumentNotValidException: Validation failed for argument [0] in public int com.lut.controller.HumanResourceController.insertHr(com.lut.entity.HumanResource,javax.servlet.http.HttpServletResponse): [Field error in object 'humanResource' on field 'hrName': rejected value [null]; codes [NotBlank.humanResource.hrName,NotBlank.hrName,NotBlank.java.lang.String,NotBlank]; arguments [org.springframework.context.support.DefaultMessageSourceResolvable: codes [humanResource.hrName,hrName]; arguments []; default message [hrName]]; default message [hrName]] ]
2021-09-12 22:27:07.327  WARN 17596 --- [http-nio-8333-exec-3] .w.s.m.s.DefaultHandlerExceptionResolver : Resolved [org.springframework.web.bind.MethodArgumentNotValidException: Validation failed for argument [0] in public int com.lut.controller.HumanResourceController.insertHr(com.lut.entity.HumanResource,javax.servlet.http.HttpServletResponse): [Field error in object 'humanResource' on field 'hrName': rejected value [null]; codes [NotBlank.humanResource.hrName,NotBlank.hrName,NotBlank.java.lang.String,NotBlank]; arguments [org.springframework.context.support.DefaultMessageSourceResolvable: codes [humanResource.hrName,hrName]; arguments []; default message [hrName]]; default message [hrName]] ]
2021-09-12 22:27:28.420  WARN 17596 --- [http-nio-8333-exec-4] .w.s.m.s.DefaultHandlerExceptionResolver : Resolved [org.springframework.web.bind.MethodArgumentNotValidException: Validation failed for argument [0] in public int com.lut.controller.HumanResourceController.insertHr(com.lut.entity.HumanResource,javax.servlet.http.HttpServletResponse): [Field error in object 'humanResource' on field 'hrName': rejected value [null]; codes [NotBlank.humanResource.hrName,NotBlank.hrName,NotBlank.java.lang.String,NotBlank]; arguments [org.springframework.context.support.DefaultMessageSourceResolvable: codes [humanResource.hrName,hrName]; arguments []; default message [hrName]]; default message [hrName]] ]
2021-09-12 22:27:38.447  INFO 17596 --- [SpringContextShutdownHook] o.s.s.concurrent.ThreadPoolTaskExecutor  : Shutting down ExecutorService 'applicationTaskExecutor'
2021-09-12 22:27:38.452  INFO 17596 --- [SpringContextShutdownHook] com.alibaba.druid.pool.DruidDataSource   : {dataSource-0} closing ...
2021-09-12 22:28:12.781  INFO 11376 --- [main] com.lut.BiShe10Application               : Starting BiShe10Application using Java 1.8.0_211 on Sprinkle with PID 11376 (D:\All_workspace\SpringBootProjects\bishe-1-0\target\classes started by Sprinkle in D:\All_workspace\SpringBootProjects\bishe-1-0)
2021-09-12 22:28:12.785  INFO 11376 --- [main] com.lut.BiShe10Application               : No active profile set, falling back to default profiles: default
2021-09-12 22:28:15.923  INFO 11376 --- [main] .s.d.r.c.RepositoryConfigurationDelegate : Multiple Spring Data modules found, entering strict repository configuration mode!
2021-09-12 22:28:15.928  INFO 11376 --- [main] .s.d.r.c.RepositoryConfigurationDelegate : Bootstrapping Spring Data Redis repositories in DEFAULT mode.
2021-09-12 22:28:16.044  INFO 11376 --- [main] .s.d.r.c.RepositoryConfigurationDelegate : Finished Spring Data repository scanning in 89 ms. Found 0 Redis repository interfaces.
2021-09-12 22:28:16.432  INFO 11376 --- [main] trationDelegate$BeanPostProcessorChecker : Bean 'threadConfig' of type [com.lut.config.ThreadConfig$$EnhancerBySpringCGLIB$$9d6faf93] is not eligible for getting processed by all BeanPostProcessors (for example: not eligible for auto-proxying)
2021-09-12 22:28:16.962  INFO 11376 --- [main] o.s.b.w.embedded.tomcat.TomcatWebServer  : Tomcat initialized with port(s): 8333 (http)
2021-09-12 22:28:16.975  INFO 11376 --- [main] o.apache.catalina.core.StandardService   : Starting service [Tomcat]
2021-09-12 22:28:16.975  INFO 11376 --- [main] org.apache.catalina.core.StandardEngine  : Starting Servlet engine: [Apache Tomcat/9.0.44]
2021-09-12 22:28:17.164  INFO 11376 --- [main] o.a.c.c.C.[Tomcat].[localhost].[/]       : Initializing Spring embedded WebApplicationContext
2021-09-12 22:28:17.164  INFO 11376 --- [main] w.s.c.ServletWebServerApplicationContext : Root WebApplicationContext: initialization completed in 4159 ms
2021-09-12 22:28:18.785  INFO 11376 --- [main] o.s.s.concurrent.ThreadPoolTaskExecutor  : Initializing ExecutorService 'applicationTaskExecutor'
2021-09-12 22:28:19.724  INFO 11376 --- [main] o.s.b.w.embedded.tomcat.TomcatWebServer  : Tomcat started on port(s): 8333 (http) with context path ''
2021-09-12 22:28:20.039  INFO 11376 --- [main] com.lut.BiShe10Application               : Started BiShe10Application in 8.184 seconds (JVM running for 15.141)
2021-09-12 22:28:32.063  INFO 11376 --- [http-nio-8333-exec-2] o.a.c.c.C.[Tomcat].[localhost].[/]       : Initializing Spring DispatcherServlet 'dispatcherServlet'
2021-09-12 22:28:32.064  INFO 11376 --- [http-nio-8333-exec-2] o.s.web.servlet.DispatcherServlet        : Initializing Servlet 'dispatcherServlet'
2021-09-12 22:28:32.065  INFO 11376 --- [http-nio-8333-exec-2] o.s.web.servlet.DispatcherServlet        : Completed initialization in 1 ms
2021-09-12 22:28:32.359  WARN 11376 --- [http-nio-8333-exec-2] .w.s.m.s.DefaultHandlerExceptionResolver : Resolved [org.springframework.web.bind.MethodArgumentNotValidException: Validation failed for argument [0] in public int com.lut.controller.HumanResourceController.insertHr(com.lut.entity.HumanResource,javax.servlet.http.HttpServletResponse): [Field error in object 'humanResource' on field 'hrName': rejected value []; codes [NotBlank.humanResource.hrName,NotBlank.hrName,NotBlank.java.lang.String,NotBlank]; arguments [org.springframework.context.support.DefaultMessageSourceResolvable: codes [humanResource.hrName,hrName]; arguments []; default message [hrName]]; default message []] ]
2021-09-12 22:49:10.458  INFO 11376 --- [SpringContextShutdownHook] o.s.s.concurrent.ThreadPoolTaskExecutor  : Shutting down ExecutorService 'applicationTaskExecutor'
2021-09-12 22:49:10.462  INFO 11376 --- [SpringContextShutdownHook] com.alibaba.druid.pool.DruidDataSource   : {dataSource-0} closing ...
2021-09-12 22:49:39.044  INFO 2504 --- [main] com.lut.BiShe10Application               : Starting BiShe10Application using Java 1.8.0_211 on Sprinkle with PID 2504 (D:\All_workspace\SpringBootProjects\bishe-1-0\target\classes started by Sprinkle in D:\All_workspace\SpringBootProjects\bishe-1-0)
2021-09-12 22:49:39.048  INFO 2504 --- [main] com.lut.BiShe10Application               : No active profile set, falling back to default profiles: default
2021-09-12 22:49:40.422  INFO 2504 --- [main] .s.d.r.c.RepositoryConfigurationDelegate : Multiple Spring Data modules found, entering strict repository configuration mode!
2021-09-12 22:49:40.425  INFO 2504 --- [main] .s.d.r.c.RepositoryConfigurationDelegate : Bootstrapping Spring Data Redis repositories in DEFAULT mode.
2021-09-12 22:49:40.499  INFO 2504 --- [main] .s.d.r.c.RepositoryConfigurationDelegate : Finished Spring Data repository scanning in 52 ms. Found 0 Redis repository interfaces.
2021-09-12 22:49:40.763  INFO 2504 --- [main] trationDelegate$BeanPostProcessorChecker : Bean 'threadConfig' of type [com.lut.config.ThreadConfig$$EnhancerBySpringCGLIB$$9f80832e] is not eligible for getting processed by all BeanPostProcessors (for example: not eligible for auto-proxying)
2021-09-12 22:49:41.116  INFO 2504 --- [main] o.s.b.w.embedded.tomcat.TomcatWebServer  : Tomcat initialized with port(s): 8333 (http)
2021-09-12 22:49:41.124  INFO 2504 --- [main] o.apache.catalina.core.StandardService   : Starting service [Tomcat]
2021-09-12 22:49:41.126  INFO 2504 --- [main] org.apache.catalina.core.StandardEngine  : Starting Servlet engine: [Apache Tomcat/9.0.44]
2021-09-12 22:49:41.273  INFO 2504 --- [main] o.a.c.c.C.[Tomcat].[localhost].[/]       : Initializing Spring embedded WebApplicationContext
2021-09-12 22:49:41.273  INFO 2504 --- [main] w.s.c.ServletWebServerApplicationContext : Root WebApplicationContext: initialization completed in 2159 ms
2021-09-12 22:49:42.315  INFO 2504 --- [main] o.s.s.concurrent.ThreadPoolTaskExecutor  : Initializing ExecutorService 'applicationTaskExecutor'
2021-09-12 22:49:42.869  INFO 2504 --- [main] o.s.b.w.embedded.tomcat.TomcatWebServer  : Tomcat started on port(s): 8333 (http) with context path ''
2021-09-12 22:49:43.037  INFO 2504 --- [main] com.lut.BiShe10Application               : Started BiShe10Application in 4.728 seconds (JVM running for 7.068)
2021-09-12 22:49:57.832  INFO 2504 --- [http-nio-8333-exec-1] o.a.c.c.C.[Tomcat].[localhost].[/]       : Initializing Spring DispatcherServlet 'dispatcherServlet'
2021-09-12 22:49:57.833  INFO 2504 --- [http-nio-8333-exec-1] o.s.web.servlet.DispatcherServlet        : Initializing Servlet 'dispatcherServlet'
2021-09-12 22:49:57.834  INFO 2504 --- [http-nio-8333-exec-1] o.s.web.servlet.DispatcherServlet        : Completed initialization in 1 ms
2021-09-12 22:49:58.066 ERROR 2504 --- [http-nio-8333-exec-1] c.l.e.ValidatedExceptionController       : Validation failed for argument [0] in public int com.lut.controller.HumanResourceController.insertHr(com.lut.entity.HumanResource,javax.servlet.http.HttpServletResponse): [Field error in object 'humanResource' on field 'hrName': rejected value []; codes [NotBlank.humanResource.hrName,NotBlank.hrName,NotBlank.java.lang.String,NotBlank]; arguments [org.springframework.context.support.DefaultMessageSourceResolvable: codes [humanResource.hrName,hrName]; arguments []; default message [hrName]]; default message [hrName]] class org.springframework.web.bind.MethodArgumentNotValidException
2021-09-12 22:52:21.875 ERROR 2504 --- [http-nio-8333-exec-7] c.l.e.ValidatedExceptionController       : Validation failed for argument [0] in public int com.lut.controller.HumanResourceController.insertHr(com.lut.entity.HumanResource,javax.servlet.http.HttpServletResponse): [Field error in object 'humanResource' on field 'hrName': rejected value []; codes [NotBlank.humanResource.hrName,NotBlank.hrName,NotBlank.java.lang.String,NotBlank]; arguments [org.springframework.context.support.DefaultMessageSourceResolvable: codes [humanResource.hrName,hrName]; arguments []; default message [hrName]]; default message [hrName]] class org.springframework.web.bind.MethodArgumentNotValidException
2021-09-12 22:56:00.691  INFO 2504 --- [SpringContextShutdownHook] o.s.s.concurrent.ThreadPoolTaskExecutor  : Shutting down ExecutorService 'applicationTaskExecutor'
2021-09-12 22:56:00.696  INFO 2504 --- [SpringContextShutdownHook] com.alibaba.druid.pool.DruidDataSource   : {dataSource-0} closing ...
2021-09-12 22:56:29.611  INFO 19212 --- [main] com.lut.BiShe10Application               : Starting BiShe10Application using Java 1.8.0_211 on Sprinkle with PID 19212 (D:\All_workspace\SpringBootProjects\bishe-1-0\target\classes started by Sprinkle in D:\All_workspace\SpringBootProjects\bishe-1-0)
2021-09-12 22:56:29.614  INFO 19212 --- [main] com.lut.BiShe10Application               : No active profile set, falling back to default profiles: default
2021-09-12 22:56:31.216  INFO 19212 --- [main] .s.d.r.c.RepositoryConfigurationDelegate : Multiple Spring Data modules found, entering strict repository configuration mode!
2021-09-12 22:56:31.219  INFO 19212 --- [main] .s.d.r.c.RepositoryConfigurationDelegate : Bootstrapping Spring Data Redis repositories in DEFAULT mode.
2021-09-12 22:56:31.293  INFO 19212 --- [main] .s.d.r.c.RepositoryConfigurationDelegate : Finished Spring Data repository scanning in 58 ms. Found 0 Redis repository interfaces.
2021-09-12 22:56:31.608  INFO 19212 --- [main] trationDelegate$BeanPostProcessorChecker : Bean 'threadConfig' of type [com.lut.config.ThreadConfig$$EnhancerBySpringCGLIB$$9f80832e] is not eligible for getting processed by all BeanPostProcessors (for example: not eligible for auto-proxying)
2021-09-12 22:56:32.020  INFO 19212 --- [main] o.s.b.w.embedded.tomcat.TomcatWebServer  : Tomcat initialized with port(s): 8333 (http)
2021-09-12 22:56:32.032  INFO 19212 --- [main] o.apache.catalina.core.StandardService   : Starting service [Tomcat]
2021-09-12 22:56:32.033  INFO 19212 --- [main] org.apache.catalina.core.StandardEngine  : Starting Servlet engine: [Apache Tomcat/9.0.44]
2021-09-12 22:56:32.216  INFO 19212 --- [main] o.a.c.c.C.[Tomcat].[localhost].[/]       : Initializing Spring embedded WebApplicationContext
2021-09-12 22:56:32.216  INFO 19212 --- [main] w.s.c.ServletWebServerApplicationContext : Root WebApplicationContext: initialization completed in 2531 ms
2021-09-12 22:56:33.456  INFO 19212 --- [main] o.s.s.concurrent.ThreadPoolTaskExecutor  : Initializing ExecutorService 'applicationTaskExecutor'
2021-09-12 22:56:34.109  INFO 19212 --- [main] o.s.b.w.embedded.tomcat.TomcatWebServer  : Tomcat started on port(s): 8333 (http) with context path ''
2021-09-12 22:56:34.289  INFO 19212 --- [main] com.lut.BiShe10Application               : Started BiShe10Application in 5.331 seconds (JVM running for 7.938)
2021-09-12 22:57:04.665  INFO 19212 --- [http-nio-8333-exec-3] o.a.c.c.C.[Tomcat].[localhost].[/]       : Initializing Spring DispatcherServlet 'dispatcherServlet'
2021-09-12 22:57:04.666  INFO 19212 --- [http-nio-8333-exec-3] o.s.web.servlet.DispatcherServlet        : Initializing Servlet 'dispatcherServlet'
2021-09-12 22:57:04.668  INFO 19212 --- [http-nio-8333-exec-3] o.s.web.servlet.DispatcherServlet        : Completed initialization in 2 ms
2021-09-12 22:57:04.968 ERROR 19212 --- [http-nio-8333-exec-3] c.l.e.ValidatedExceptionController       : Validation failed for argument [0] in public int com.lut.controller.HumanResourceController.insertHr(com.lut.entity.HumanResource,javax.servlet.http.HttpServletResponse): [Field error in object 'humanResource' on field 'hrName': rejected value []; codes [NotBlank.humanResource.hrName,NotBlank.hrName,NotBlank.java.lang.String,NotBlank]; arguments [org.springframework.context.support.DefaultMessageSourceResolvable: codes [humanResource.hrName,hrName]; arguments []; default message [hrName]]; default message [hrName]] class org.springframework.web.bind.MethodArgumentNotValidException
2021-09-12 23:17:14.329  INFO 19212 --- [SpringContextShutdownHook] o.s.s.concurrent.ThreadPoolTaskExecutor  : Shutting down ExecutorService 'applicationTaskExecutor'
2021-09-12 23:17:14.335  INFO 19212 --- [SpringContextShutdownHook] com.alibaba.druid.pool.DruidDataSource   : {dataSource-0} closing ...
